<?xml version="1.0" encoding="UTF-8"?>
<!-- Generated by org.testng.reporters.JUnitXMLReporter -->
<testsuite hostname="DESKTOP-DMIMN34" ignored="0" name="TC_Test" tests="1" failures="1" timestamp="15 Apr 2019 17:26:51 GMT" time="0.023" errors="0">
  <testcase name="VerifyCostOfProductInListPageAndDetailsPageEqual" time="0.009" classname="Test.TC5_VerifyCanCreateAccountAndShareWishlistToOtherPeopleUsingEmail">
    <failure type="org.testng.internal.reflect.MethodMatcherException" message="
Data provider mismatch
Method: VerifyCostOfProductInListPageAndDetailsPageEqual([Parameter{index=0, type=java.lang.String, declaredAnnotations=[]}, Parameter{index=1, type=java.lang.String, declaredAnnotations=[]}, Parameter{index=2, type=java.lang.String, declaredAnnotations=[]}, Parameter{index=3, type=java.lang.String, declaredAnnotations=[]}, Parameter{index=4, type=java.lang.String, declaredAnnotations=[]}, Parameter{index=5, type=java.lang.String, declaredAnnotations=[]}])
Arguments: [(java.lang.String) jane,(java.lang.String) shen,(java.lang.String) Today@123,(java.lang.String) shenlijuan001@gmail.com,(java.lang.String) this TV is very good.]">
      <![CDATA[org.testng.internal.reflect.MethodMatcherException: 
Data provider mismatch
Method: VerifyCostOfProductInListPageAndDetailsPageEqual([Parameter{index=0, type=java.lang.String, declaredAnnotations=[]}, Parameter{index=1, type=java.lang.String, declaredAnnotations=[]}, Parameter{index=2, type=java.lang.String, declaredAnnotations=[]}, Parameter{index=3, type=java.lang.String, declaredAnnotations=[]}, Parameter{index=4, type=java.lang.String, declaredAnnotations=[]}, Parameter{index=5, type=java.lang.String, declaredAnnotations=[]}])
Arguments: [(java.lang.String) jane,(java.lang.String) shen,(java.lang.String) Today@123,(java.lang.String) shenlijuan001@gmail.com,(java.lang.String) this TV is very good.]
... Removed 20 stack frames]]>
    </failure>
  </testcase> <!-- VerifyCostOfProductInListPageAndDetailsPageEqual -->
</testsuite> <!-- TC_Test -->
