<?xml version="1.0" encoding="UTF-8"?>
<testng-results skipped="0" failed="1" ignored="0" total="2" passed="1">
  <reporter-output>
  </reporter-output>
  <suite name="TC6_Suite" duration-ms="58580" started-at="2019-04-20T02:46:06Z" finished-at="2019-04-20T02:47:05Z">
    <groups>
    </groups>
    <test name="TC6_Test" duration-ms="58580" started-at="2019-04-20T02:46:06Z" finished-at="2019-04-20T02:47:05Z">
      <class name="Test.TC5_VerifyCanCreateAccountAndShareWishlistToOtherPeopleUsingEmail">
        <test-method status="PASS" signature="setUp()[pri:0, instance:Test.TC5_VerifyCanCreateAccountAndShareWishlistToOtherPeopleUsingEmail@5bfbf16f]" name="setUp" is-config="true" duration-ms="7864" started-at="2019-04-20T02:46:06Z" finished-at="2019-04-20T02:46:14Z">
          <reporter-output>
          </reporter-output>
        </test-method> <!-- setUp -->
        <test-method status="PASS" signature="VerifyCostOfProductInListPageAndDetailsPageEqual(java.lang.String, java.lang.String, java.lang.String, java.lang.String, java.lang.String, java.lang.String)[pri:0, instance:Test.TC5_VerifyCanCreateAccountAndShareWishlistToOtherPeopleUsingEmail@5bfbf16f]" name="VerifyCostOfProductInListPageAndDetailsPageEqual" duration-ms="18469" started-at="2019-04-20T02:46:14Z" data-provider="createNewAccountData" finished-at="2019-04-20T02:46:33Z">
          <params>
            <param index="0">
              <value>
                <![CDATA[jane]]>
              </value>
            </param>
            <param index="1">
              <value>
                <![CDATA[shen]]>
              </value>
            </param>
            <param index="2">
              <value>
                <![CDATA[Today@123]]>
              </value>
            </param>
            <param index="3">
              <value>
                <![CDATA[Today@123]]>
              </value>
            </param>
            <param index="4">
              <value>
                <![CDATA[shenlijuan001@gmail.com]]>
              </value>
            </param>
            <param index="5">
              <value>
                <![CDATA[this TV is very good.]]>
              </value>
            </param>
          </params>
          <reporter-output>
          </reporter-output>
        </test-method> <!-- VerifyCostOfProductInListPageAndDetailsPageEqual -->
        <test-method status="PASS" signature="tearDown()[pri:0, instance:Test.TC5_VerifyCanCreateAccountAndShareWishlistToOtherPeopleUsingEmail@5bfbf16f]" name="tearDown" is-config="true" duration-ms="619" started-at="2019-04-20T02:46:33Z" finished-at="2019-04-20T02:46:33Z">
          <reporter-output>
          </reporter-output>
        </test-method> <!-- tearDown -->
      </class> <!-- Test.TC5_VerifyCanCreateAccountAndShareWishlistToOtherPeopleUsingEmail -->
      <class name="Test.TC6_VerifyUserCanPurchaseProductUsingRegisteredEmailId">
        <test-method status="PASS" signature="setUp()[pri:0, instance:Test.TC6_VerifyUserCanPurchaseProductUsingRegisteredEmailId@25af5db5]" name="setUp" is-config="true" duration-ms="4399" started-at="2019-04-20T02:46:33Z" finished-at="2019-04-20T02:46:38Z">
          <reporter-output>
          </reporter-output>
        </test-method> <!-- setUp -->
        <test-method status="FAIL" signature="VerifyUserCanPurchaseProductUsingRegisteredEmailId(java.lang.String, java.lang.String, java.lang.String, java.lang.String, java.lang.String, java.lang.String, java.lang.String, java.lang.String, java.lang.String, java.lang.String, java.lang.String)[pri:0, instance:Test.TC6_VerifyUserCanPurchaseProductUsingRegisteredEmailId@25af5db5]" name="VerifyUserCanPurchaseProductUsingRegisteredEmailId" duration-ms="27191" started-at="2019-04-20T02:46:38Z" data-provider="loginData" finished-at="2019-04-20T02:47:05Z">
          <params>
            <param index="0">
              <value>
                <![CDATA[Today@123]]>
              </value>
            </param>
            <param index="1">
              <value>
                <![CDATA[United States]]>
              </value>
            </param>
            <param index="2">
              <value>
                <![CDATA[New York]]>
              </value>
            </param>
            <param index="3">
              <value>
                <![CDATA[542896]]>
              </value>
            </param>
            <param index="4">
              <value>
                <![CDATA[ABC]]>
              </value>
            </param>
            <param index="5">
              <value>
                <![CDATA[New York]]>
              </value>
            </param>
            <param index="6">
              <value>
                <![CDATA[12345678]]>
              </value>
            </param>
            <param index="7">
              <value>
                <![CDATA[United States]]>
              </value>
            </param>
            <param index="8">
              <value>
                <![CDATA[New York]]>
              </value>
            </param>
            <param index="9">
              <value>
                <![CDATA[542896]]>
              </value>
            </param>
            <param index="10">
              <value>
                <![CDATA[Fixed - $5.00]]>
              </value>
            </param>
          </params>
          <exception class="org.openqa.selenium.NoSuchElementException">
            <message>
              <![CDATA[no such element: Unable to locate element: {"method":"xpath","selector":"//table[@id='checkout-review-table']/tfoot/tr[1]/td[2]"}
  (Session info: chrome=73.0.3683.103)
  (Driver info: chromedriver=73.0.3683.68 (47787ec04b6e38e22703e856e101e840b65afe72),platform=Windows NT 10.0.17763 x86_64) (WARNING: The server did not provide any stacktrace information)
Command duration or timeout: 0 milliseconds
For documentation on this error, please visit: http://seleniumhq.org/exceptions/no_such_element.html
Build info: version: '3.5.3', revision: 'a88d25fe6b', time: '2017-08-29T12:42:44.417Z'
System info: host: 'DESKTOP-DMIMN34', ip: '192.168.2.11', os.name: 'Windows 10', os.arch: 'amd64', os.version: '10.0', java.version: '1.8.0_201'
Driver info: org.openqa.selenium.chrome.ChromeDriver
Capabilities [{mobileEmulationEnabled=false, timeouts={implicit=0, pageLoad=300000, script=30000}, hasTouchScreen=false, platform=XP, acceptSslCerts=false, goog:chromeOptions={debuggerAddress=localhost:51171}, acceptInsecureCerts=false, webStorageEnabled=true, browserName=chrome, takesScreenshot=true, javascriptEnabled=true, platformName=XP, setWindowRect=true, unexpectedAlertBehaviour=ignore, applicationCacheEnabled=false, rotatable=false, networkConnectionEnabled=false, chrome={chromedriverVersion=73.0.3683.68 (47787ec04b6e38e22703e856e101e840b65afe72), userDataDir=C:\Users\shenl\AppData\Local\Temp\scoped_dir16044_13159}, takesHeapSnapshot=true, unhandledPromptBehavior=ignore, pageLoadStrategy=normal, strictFileInteractability=false, databaseEnabled=false, handlesAlerts=true, version=73.0.3683.103, browserConnectionEnabled=false, proxy=Proxy(), nativeEvents=true, locationContextEnabled=true, cssSelectorsEnabled=true}]
Session ID: 392c37f789c534d5497b7fadea9521f4
*** Element info: {Using=xpath, value=//table[@id='checkout-review-table']/tfoot/tr[1]/td[2]}]]>
            </message>
            <full-stacktrace>
              <![CDATA[org.openqa.selenium.NoSuchElementException: no such element: Unable to locate element: {"method":"xpath","selector":"//table[@id='checkout-review-table']/tfoot/tr[1]/td[2]"}
  (Session info: chrome=73.0.3683.103)
  (Driver info: chromedriver=73.0.3683.68 (47787ec04b6e38e22703e856e101e840b65afe72),platform=Windows NT 10.0.17763 x86_64) (WARNING: The server did not provide any stacktrace information)
Command duration or timeout: 0 milliseconds
For documentation on this error, please visit: http://seleniumhq.org/exceptions/no_such_element.html
Build info: version: '3.5.3', revision: 'a88d25fe6b', time: '2017-08-29T12:42:44.417Z'
System info: host: 'DESKTOP-DMIMN34', ip: '192.168.2.11', os.name: 'Windows 10', os.arch: 'amd64', os.version: '10.0', java.version: '1.8.0_201'
Driver info: org.openqa.selenium.chrome.ChromeDriver
Capabilities [{mobileEmulationEnabled=false, timeouts={implicit=0, pageLoad=300000, script=30000}, hasTouchScreen=false, platform=XP, acceptSslCerts=false, goog:chromeOptions={debuggerAddress=localhost:51171}, acceptInsecureCerts=false, webStorageEnabled=true, browserName=chrome, takesScreenshot=true, javascriptEnabled=true, platformName=XP, setWindowRect=true, unexpectedAlertBehaviour=ignore, applicationCacheEnabled=false, rotatable=false, networkConnectionEnabled=false, chrome={chromedriverVersion=73.0.3683.68 (47787ec04b6e38e22703e856e101e840b65afe72), userDataDir=C:\Users\shenl\AppData\Local\Temp\scoped_dir16044_13159}, takesHeapSnapshot=true, unhandledPromptBehavior=ignore, pageLoadStrategy=normal, strictFileInteractability=false, databaseEnabled=false, handlesAlerts=true, version=73.0.3683.103, browserConnectionEnabled=false, proxy=Proxy(), nativeEvents=true, locationContextEnabled=true, cssSelectorsEnabled=true}]
Session ID: 392c37f789c534d5497b7fadea9521f4
*** Element info: {Using=xpath, value=//table[@id='checkout-review-table']/tfoot/tr[1]/td[2]}
at sun.reflect.NativeConstructorAccessorImpl.newInstance0(Native Method)
at sun.reflect.NativeConstructorAccessorImpl.newInstance(Unknown Source)
at sun.reflect.DelegatingConstructorAccessorImpl.newInstance(Unknown Source)
at java.lang.reflect.Constructor.newInstance(Unknown Source)
at org.openqa.selenium.remote.ErrorHandler.createThrowable(ErrorHandler.java:215)
at org.openqa.selenium.remote.ErrorHandler.throwIfResponseFailed(ErrorHandler.java:167)
at org.openqa.selenium.remote.http.JsonHttpResponseCodec.reconstructValue(JsonHttpResponseCodec.java:40)
at org.openqa.selenium.remote.http.AbstractHttpResponseCodec.decode(AbstractHttpResponseCodec.java:82)
at org.openqa.selenium.remote.http.AbstractHttpResponseCodec.decode(AbstractHttpResponseCodec.java:45)
at org.openqa.selenium.remote.HttpCommandExecutor.execute(HttpCommandExecutor.java:164)
at org.openqa.selenium.remote.service.DriverCommandExecutor.execute(DriverCommandExecutor.java:82)
at org.openqa.selenium.remote.RemoteWebDriver.execute(RemoteWebDriver.java:646)
at org.openqa.selenium.remote.RemoteWebDriver.findElement(RemoteWebDriver.java:416)
at org.openqa.selenium.remote.RemoteWebDriver.findElementByXPath(RemoteWebDriver.java:518)
at org.openqa.selenium.By$ByXPath.findElement(By.java:361)
at org.openqa.selenium.remote.RemoteWebDriver.findElement(RemoteWebDriver.java:408)
at org.openqa.selenium.support.pagefactory.DefaultElementLocator.findElement(DefaultElementLocator.java:69)
at org.openqa.selenium.support.pagefactory.internal.LocatingElementHandler.invoke(LocatingElementHandler.java:38)
at com.sun.proxy.$Proxy10.getText(Unknown Source)
at Pages.CheckoutPage.checkShippingCostAddedToGrandTotal(CheckoutPage.java:189)
at Test.TC6_VerifyUserCanPurchaseProductUsingRegisteredEmailId.VerifyUserCanPurchaseProductUsingRegisteredEmailId(TC6_VerifyUserCanPurchaseProductUsingRegisteredEmailId.java:175)
at sun.reflect.NativeMethodAccessorImpl.invoke0(Native Method)
at sun.reflect.NativeMethodAccessorImpl.invoke(Unknown Source)
at sun.reflect.DelegatingMethodAccessorImpl.invoke(Unknown Source)
at java.lang.reflect.Method.invoke(Unknown Source)
at org.testng.internal.MethodInvocationHelper.invokeMethod(MethodInvocationHelper.java:124)
at org.testng.internal.Invoker.invokeMethod(Invoker.java:583)
at org.testng.internal.Invoker.invokeTestMethod(Invoker.java:719)
at org.testng.internal.Invoker.invokeTestMethods(Invoker.java:989)
at org.testng.internal.TestMethodWorker.invokeTestMethods(TestMethodWorker.java:125)
at org.testng.internal.TestMethodWorker.run(TestMethodWorker.java:109)
at org.testng.TestRunner.privateRun(TestRunner.java:648)
at org.testng.TestRunner.run(TestRunner.java:505)
at org.testng.SuiteRunner.runTest(SuiteRunner.java:455)
at org.testng.SuiteRunner.runSequentially(SuiteRunner.java:450)
at org.testng.SuiteRunner.privateRun(SuiteRunner.java:415)
at org.testng.SuiteRunner.run(SuiteRunner.java:364)
at org.testng.SuiteRunnerWorker.runSuite(SuiteRunnerWorker.java:52)
at org.testng.SuiteRunnerWorker.run(SuiteRunnerWorker.java:84)
at org.testng.TestNG.runSuitesSequentially(TestNG.java:1208)
at org.testng.TestNG.runSuitesLocally(TestNG.java:1137)
at org.testng.TestNG.runSuites(TestNG.java:1049)
at org.testng.TestNG.run(TestNG.java:1017)
at org.testng.remote.AbstractRemoteTestNG.run(AbstractRemoteTestNG.java:115)
at org.testng.remote.RemoteTestNG.initAndRun(RemoteTestNG.java:251)
at org.testng.remote.RemoteTestNG.main(RemoteTestNG.java:77)
]]>
            </full-stacktrace>
          </exception> <!-- org.openqa.selenium.NoSuchElementException -->
          <reporter-output>
          </reporter-output>
        </test-method> <!-- VerifyUserCanPurchaseProductUsingRegisteredEmailId -->
        <test-method status="PASS" signature="tearDown()[pri:0, instance:Test.TC6_VerifyUserCanPurchaseProductUsingRegisteredEmailId@25af5db5]" name="tearDown" is-config="true" duration-ms="1" started-at="2019-04-20T02:47:05Z" finished-at="2019-04-20T02:47:05Z">
          <reporter-output>
          </reporter-output>
        </test-method> <!-- tearDown -->
      </class> <!-- Test.TC6_VerifyUserCanPurchaseProductUsingRegisteredEmailId -->
    </test> <!-- TC6_Test -->
  </suite> <!-- TC6_Suite -->
</testng-results>
