<?xml version="1.0" encoding="UTF-8"?>
<testng-results skipped="0" failed="0" ignored="0" total="2" passed="2">
  <reporter-output>
  </reporter-output>
  <suite name="TC6_Suite" duration-ms="29406" started-at="2019-03-28T13:09:18Z" finished-at="2019-03-28T13:09:47Z">
    <groups>
    </groups>
    <test name="TC6_Test" duration-ms="29406" started-at="2019-03-28T13:09:18Z" finished-at="2019-03-28T13:09:47Z">
      <class name="Test.TC5_VerifyCanCreateAccountAndShareWishlistToOtherPeopleUsingEmail">
        <test-method status="PASS" signature="setUp()[pri:0, instance:Test.TC5_VerifyCanCreateAccountAndShareWishlistToOtherPeopleUsingEmail@5bfbf16f]" name="setUp" is-config="true" duration-ms="5189" started-at="2019-03-28T13:09:18Z" finished-at="2019-03-28T13:09:23Z">
          <reporter-output>
          </reporter-output>
        </test-method> <!-- setUp -->
        <test-method status="PASS" signature="VerifyCostOfProductInListPageAndDetailsPageEqual(java.lang.String, java.lang.String, java.lang.String, java.lang.String, java.lang.String, java.lang.String, java.lang.String)[pri:0, instance:Test.TC5_VerifyCanCreateAccountAndShareWishlistToOtherPeopleUsingEmail@5bfbf16f]" name="VerifyCostOfProductInListPageAndDetailsPageEqual" duration-ms="12727" started-at="2019-03-28T13:09:23Z" data-provider="createNewAccountData" finished-at="2019-03-28T13:09:36Z">
          <params>
            <param index="0">
              <value>
                <![CDATA[jane]]>
              </value>
            </param>
            <param index="1">
              <value>
                <![CDATA[shen]]>
              </value>
            </param>
            <param index="2">
              <value>
                <![CDATA[shenlijuan004@gmail.com]]>
              </value>
            </param>
            <param index="3">
              <value>
                <![CDATA[Today@123]]>
              </value>
            </param>
            <param index="4">
              <value>
                <![CDATA[Today@123]]>
              </value>
            </param>
            <param index="5">
              <value>
                <![CDATA[shenlijuan001@gmail.com]]>
              </value>
            </param>
            <param index="6">
              <value>
                <![CDATA[this TV is very good.]]>
              </value>
            </param>
          </params>
          <reporter-output>
          </reporter-output>
        </test-method> <!-- VerifyCostOfProductInListPageAndDetailsPageEqual -->
        <test-method status="PASS" signature="tearDown()[pri:0, instance:Test.TC5_VerifyCanCreateAccountAndShareWishlistToOtherPeopleUsingEmail@5bfbf16f]" name="tearDown" is-config="true" duration-ms="624" started-at="2019-03-28T13:09:36Z" finished-at="2019-03-28T13:09:36Z">
          <reporter-output>
          </reporter-output>
        </test-method> <!-- tearDown -->
      </class> <!-- Test.TC5_VerifyCanCreateAccountAndShareWishlistToOtherPeopleUsingEmail -->
      <class name="Test.TC6_VerifyUserCanPurchaseProductUsingRegisteredEmailId">
        <test-method status="PASS" signature="setUp()[pri:0, instance:Test.TC6_VerifyUserCanPurchaseProductUsingRegisteredEmailId@25af5db5]" name="setUp" is-config="true" duration-ms="4027" started-at="2019-03-28T13:09:36Z" finished-at="2019-03-28T13:09:40Z">
          <reporter-output>
          </reporter-output>
        </test-method> <!-- setUp -->
        <test-method status="PASS" signature="VerifyUserCanPurchaseProductUsingRegisteredEmailId(java.lang.String, java.lang.String, java.lang.String, java.lang.String, java.lang.String, java.lang.String, java.lang.String, java.lang.String)[pri:0, instance:Test.TC6_VerifyUserCanPurchaseProductUsingRegisteredEmailId@25af5db5]" name="VerifyUserCanPurchaseProductUsingRegisteredEmailId" duration-ms="6193" started-at="2019-03-28T13:09:40Z" data-provider="loginData" finished-at="2019-03-28T13:09:47Z">
          <params>
            <param index="0">
              <value>
                <![CDATA[shenlijuan004@gmail.com]]>
              </value>
            </param>
            <param index="1">
              <value>
                <![CDATA[Today@123]]>
              </value>
            </param>
            <param index="2">
              <value>
                <![CDATA[United States]]>
              </value>
            </param>
            <param index="3">
              <value>
                <![CDATA[New York]]>
              </value>
            </param>
            <param index="4">
              <value>
                <![CDATA[542896]]>
              </value>
            </param>
            <param index="5">
              <value>
                <![CDATA[ABC]]>
              </value>
            </param>
            <param index="6">
              <value>
                <![CDATA[New York]]>
              </value>
            </param>
            <param index="7">
              <value>
                <![CDATA[12345678]]>
              </value>
            </param>
          </params>
          <reporter-output>
          </reporter-output>
        </test-method> <!-- VerifyUserCanPurchaseProductUsingRegisteredEmailId -->
        <test-method status="PASS" signature="tearDown()[pri:0, instance:Test.TC6_VerifyUserCanPurchaseProductUsingRegisteredEmailId@25af5db5]" name="tearDown" is-config="true" duration-ms="628" started-at="2019-03-28T13:09:47Z" finished-at="2019-03-28T13:09:47Z">
          <reporter-output>
          </reporter-output>
        </test-method> <!-- tearDown -->
      </class> <!-- Test.TC6_VerifyUserCanPurchaseProductUsingRegisteredEmailId -->
    </test> <!-- TC6_Test -->
  </suite> <!-- TC6_Suite -->
</testng-results>
