<?xml version="1.0" encoding="UTF-8"?>
<!-- Generated by org.testng.reporters.JUnitXMLReporter -->
<testsuite hostname="DESKTOP-DMIMN34" ignored="0" name="TC6_Test" tests="2" failures="0" timestamp="28 Mar 2019 13:09:47 GMT" time="29.406" errors="0">
  <testcase name="VerifyCostOfProductInListPageAndDetailsPageEqual" time="12.727" classname="Test.TC5_VerifyCanCreateAccountAndShareWishlistToOtherPeopleUsingEmail"/>
  <testcase name="VerifyUserCanPurchaseProductUsingRegisteredEmailId" time="6.193" classname="Test.TC6_VerifyUserCanPurchaseProductUsingRegisteredEmailId"/>
</testsuite> <!-- TC6_Test -->
